<?xml version="1.0" encoding="UTF-8"?>
<!-- Generated by org.testng.reporters.JUnitReportReporter -->
<testsuite hostname="DESKTOP-P22QIDC" name="com.nvidia.controller.Test001_Verify_ProductDetails" tests="1" failures="0" timestamp="31 Jan 2019 07:41:18 GMT" time="25.516" errors="0">
  <testcase name="runTest" time="25.516" classname="com.nvidia.controller.Test001_Verify_ProductDetails"/>
</testsuite> <!-- com.nvidia.controller.Test001_Verify_ProductDetails -->
